<?xml version="1.0" encoding="UTF-8"?>
<coverage generated="1696044537742" clover="3.2.0">
  <project timestamp="1696044537742" name="All files">
    <metrics statements="37" coveredstatements="37" conditionals="81" coveredconditionals="81" methods="8" coveredmethods="8" elements="126" coveredelements="126" complexity="0" loc="37" ncloc="37" packages="9" files="10" classes="10"/>
    <package name="@types">
      <metrics statements="0" coveredstatements="0" conditionals="0" coveredconditionals="0" methods="0" coveredmethods="0"/>
      <file name="fonts.ts" path="/Users/matheussousa/Desktop/core-components/react-native-custom-components/lib/@types/fonts.ts">
        <metrics statements="0" coveredstatements="0" conditionals="0" coveredconditionals="0" methods="0" coveredmethods="0"/>
      </file>
      <file name="sizes.ts" path="/Users/matheussousa/Desktop/core-components/react-native-custom-components/lib/@types/sizes.ts">
        <metrics statements="0" coveredstatements="0" conditionals="0" coveredconditionals="0" methods="0" coveredmethods="0"/>
      </file>
    </package>
    <package name="components.Button">
      <metrics statements="3" coveredstatements="3" conditionals="22" coveredconditionals="22" methods="1" coveredmethods="1"/>
      <file name="index.tsx" path="/Users/matheussousa/Desktop/core-components/react-native-custom-components/lib/components/Button/index.tsx">
        <metrics statements="3" coveredstatements="3" conditionals="22" coveredconditionals="22" methods="1" coveredmethods="1"/>
        <line num="10" count="1" type="stmt"/>
        <line num="27" count="6" type="stmt"/>
        <line num="45" count="6" type="stmt"/>
      </file>
    </package>
    <package name="components.CardQuickAccess">
      <metrics statements="3" coveredstatements="3" conditionals="16" coveredconditionals="16" methods="1" coveredmethods="1"/>
      <file name="index.tsx" path="/Users/matheussousa/Desktop/core-components/react-native-custom-components/lib/components/CardQuickAccess/index.tsx">
        <metrics statements="3" coveredstatements="3" conditionals="16" coveredconditionals="16" methods="1" coveredmethods="1"/>
        <line num="7" count="1" type="stmt"/>
        <line num="21" count="4" type="stmt"/>
        <line num="35" count="4" type="stmt"/>
      </file>
    </package>
    <package name="components.TitleIconScreen">
      <metrics statements="3" coveredstatements="3" conditionals="6" coveredconditionals="6" methods="1" coveredmethods="1"/>
      <file name="index.tsx" path="/Users/matheussousa/Desktop/core-components/react-native-custom-components/lib/components/TitleIconScreen/index.tsx">
        <metrics statements="3" coveredstatements="3" conditionals="6" coveredconditionals="6" methods="1" coveredmethods="1"/>
        <line num="6" count="1" type="stmt"/>
        <line num="13" count="2" type="stmt"/>
        <line num="20" count="2" type="stmt"/>
      </file>
    </package>
    <package name="components.Typograph">
      <metrics statements="3" coveredstatements="3" conditionals="11" coveredconditionals="11" methods="1" coveredmethods="1"/>
      <file name="index.tsx" path="/Users/matheussousa/Desktop/core-components/react-native-custom-components/lib/components/Typograph/index.tsx">
        <metrics statements="3" coveredstatements="3" conditionals="11" coveredconditionals="11" methods="1" coveredmethods="1"/>
        <line num="7" count="4" type="stmt"/>
        <line num="33" count="14" type="stmt"/>
        <line num="59" count="14" type="stmt"/>
      </file>
    </package>
    <package name="resources.utils.getButtonSize">
      <metrics statements="6" coveredstatements="6" conditionals="4" coveredconditionals="4" methods="1" coveredmethods="1"/>
      <file name="getButtonSize.ts" path="/Users/matheussousa/Desktop/core-components/react-native-custom-components/lib/resources/utils/getButtonSize/getButtonSize.ts">
        <metrics statements="6" coveredstatements="6" conditionals="4" coveredconditionals="4" methods="1" coveredmethods="1"/>
        <line num="3" count="2" type="stmt"/>
        <line num="6" count="8" type="cond" truecount="4" falsecount="0"/>
        <line num="8" count="1" type="stmt"/>
        <line num="10" count="1" type="stmt"/>
        <line num="12" count="1" type="stmt"/>
        <line num="14" count="5" type="stmt"/>
      </file>
    </package>
    <package name="resources.utils.getFontFamily">
      <metrics statements="6" coveredstatements="6" conditionals="4" coveredconditionals="4" methods="1" coveredmethods="1"/>
      <file name="getFontFamily.ts" path="/Users/matheussousa/Desktop/core-components/react-native-custom-components/lib/resources/utils/getFontFamily/getFontFamily.ts">
        <metrics statements="6" coveredstatements="6" conditionals="4" coveredconditionals="4" methods="1" coveredmethods="1"/>
        <line num="3" count="5" type="stmt"/>
        <line num="4" count="18" type="cond" truecount="4" falsecount="0"/>
        <line num="6" count="3" type="stmt"/>
        <line num="8" count="7" type="stmt"/>
        <line num="10" count="7" type="stmt"/>
        <line num="12" count="1" type="stmt"/>
      </file>
    </package>
    <package name="resources.utils.getFontSIze">
      <metrics statements="6" coveredstatements="6" conditionals="4" coveredconditionals="4" methods="1" coveredmethods="1"/>
      <file name="getFontSize.ts" path="/Users/matheussousa/Desktop/core-components/react-native-custom-components/lib/resources/utils/getFontSIze/getFontSize.ts">
        <metrics statements="6" coveredstatements="6" conditionals="4" coveredconditionals="4" methods="1" coveredmethods="1"/>
        <line num="3" count="5" type="stmt"/>
        <line num="4" count="18" type="cond" truecount="4" falsecount="0"/>
        <line num="6" count="1" type="stmt"/>
        <line num="8" count="3" type="stmt"/>
        <line num="10" count="1" type="stmt"/>
        <line num="12" count="13" type="stmt"/>
      </file>
    </package>
    <package name="resources.utils.getShadow">
      <metrics statements="7" coveredstatements="7" conditionals="14" coveredconditionals="14" methods="1" coveredmethods="1"/>
      <file name="getShadow.ts" path="/Users/matheussousa/Desktop/core-components/react-native-custom-components/lib/resources/utils/getShadow/getShadow.ts">
        <metrics statements="7" coveredstatements="7" conditionals="14" coveredconditionals="14" methods="1" coveredmethods="1"/>
        <line num="4" count="3" type="stmt"/>
        <line num="8" count="14" type="cond" truecount="2" falsecount="0"/>
        <line num="10" count="4" type="cond" truecount="4" falsecount="0"/>
        <line num="12" count="1" type="stmt"/>
        <line num="23" count="1" type="stmt"/>
        <line num="34" count="1" type="stmt"/>
        <line num="46" count="1" type="stmt"/>
      </file>
    </package>
  </project>
</coverage>
