{"/Users/matheussousa/Desktop/core-components/react-native-custom-components/lib/@types/fonts.ts": {"path":"/Users/matheussousa/Desktop/core-components/react-native-custom-components/lib/@types/fonts.ts","statementMap":{},"fnMap":{},"branchMap":{},"s":{},"f":{},"b":{},"_coverageSchema":"1a1c01bbd47fc00a2c39e90264f33305004495a9","hash":"87c7df81db7589150f1cf8b6667d03338566b008"}
,"/Users/matheussousa/Desktop/core-components/react-native-custom-components/lib/@types/sizes.ts": {"path":"/Users/matheussousa/Desktop/core-components/react-native-custom-components/lib/@types/sizes.ts","statementMap":{},"fnMap":{},"branchMap":{},"s":{},"f":{},"b":{},"_coverageSchema":"1a1c01bbd47fc00a2c39e90264f33305004495a9","hash":"98f3a2b09233c8ba300b2177f947c1901c993f44"}
,"/Users/matheussousa/Desktop/core-components/react-native-custom-components/lib/components/Button/index.tsx": {"path":"/Users/matheussousa/Desktop/core-components/react-native-custom-components/lib/components/Button/index.tsx","statementMap":{"0":{"start":{"line":9,"column":40},"end":{"line":52,"column":1}},"1":{"start":{"line":26,"column":17},"end":{"line":45,"column":4}},"2":{"start":{"line":47,"column":2},"end":{"line":51,"column":4}}},"fnMap":{"0":{"name":"(anonymous_0)","decl":{"start":{"line":9,"column":40},"end":{"line":9,"column":41}},"loc":{"start":{"line":25,"column":6},"end":{"line":52,"column":1}},"line":25}},"branchMap":{"0":{"loc":{"start":{"line":28,"column":13},"end":{"line":28,"column":28}},"type":"binary-expr","locations":[{"start":{"line":28,"column":13},"end":{"line":28,"column":18}},{"start":{"line":28,"column":22},"end":{"line":28,"column":28}}],"line":28},"1":{"loc":{"start":{"line":29,"column":14},"end":{"line":29,"column":53}},"type":"cond-expr","locations":[{"start":{"line":29,"column":23},"end":{"line":29,"column":44}},{"start":{"line":29,"column":47},"end":{"line":29,"column":53}}],"line":29},"2":{"loc":{"start":{"line":30,"column":23},"end":{"line":30,"column":75}},"type":"cond-expr","locations":[{"start":{"line":30,"column":39},"end":{"line":30,"column":65}},{"start":{"line":30,"column":68},"end":{"line":30,"column":75}}],"line":30},"3":{"loc":{"start":{"line":30,"column":39},"end":{"line":30,"column":65}},"type":"binary-expr","locations":[{"start":{"line":30,"column":39},"end":{"line":30,"column":52}},{"start":{"line":30,"column":56},"end":{"line":30,"column":65}}],"line":30},"4":{"loc":{"start":{"line":33,"column":23},"end":{"line":33,"column":43}},"type":"binary-expr","locations":[{"start":{"line":33,"column":23},"end":{"line":33,"column":38}},{"start":{"line":33,"column":42},"end":{"line":33,"column":43}}],"line":33},"5":{"loc":{"start":{"line":34,"column":25},"end":{"line":34,"column":47}},"type":"binary-expr","locations":[{"start":{"line":34,"column":25},"end":{"line":34,"column":42}},{"start":{"line":34,"column":46},"end":{"line":34,"column":47}}],"line":34},"6":{"loc":{"start":{"line":36,"column":19},"end":{"line":36,"column":43}},"type":"binary-expr","locations":[{"start":{"line":36,"column":19},"end":{"line":36,"column":30}},{"start":{"line":36,"column":34},"end":{"line":36,"column":43}}],"line":36},"7":{"loc":{"start":{"line":37,"column":20},"end":{"line":37,"column":32}},"type":"binary-expr","locations":[{"start":{"line":37,"column":20},"end":{"line":37,"column":26}},{"start":{"line":37,"column":30},"end":{"line":37,"column":32}}],"line":37},"8":{"loc":{"start":{"line":41,"column":16},"end":{"line":41,"column":30}},"type":"binary-expr","locations":[{"start":{"line":41,"column":16},"end":{"line":41,"column":24}},{"start":{"line":41,"column":28},"end":{"line":41,"column":30}}],"line":41}},"s":{"0":1,"1":4,"2":4},"f":{"0":4},"b":{"0":[4,4],"1":[2,2],"2":[1,3],"3":[1,1],"4":[4,4],"5":[4,4],"6":[4,4],"7":[4,4],"8":[4,4]},"_coverageSchema":"1a1c01bbd47fc00a2c39e90264f33305004495a9","hash":"31b95f5a4ddf72d37f1f974fd5cd7b1f65c9a96e"}
,"/Users/matheussousa/Desktop/core-components/react-native-custom-components/lib/components/CardQuickAccess/index.tsx": {"path":"/Users/matheussousa/Desktop/core-components/react-native-custom-components/lib/components/CardQuickAccess/index.tsx","statementMap":{"0":{"start":{"line":6,"column":64},"end":{"line":50,"column":1}},"1":{"start":{"line":19,"column":17},"end":{"line":30,"column":4}},"2":{"start":{"line":32,"column":2},"end":{"line":49,"column":4}}},"fnMap":{"0":{"name":"(anonymous_0)","decl":{"start":{"line":6,"column":64},"end":{"line":6,"column":65}},"loc":{"start":{"line":18,"column":6},"end":{"line":50,"column":1}},"line":18}},"branchMap":{"0":{"loc":{"start":{"line":21,"column":13},"end":{"line":21,"column":24}},"type":"binary-expr","locations":[{"start":{"line":21,"column":13},"end":{"line":21,"column":18}},{"start":{"line":21,"column":22},"end":{"line":21,"column":24}}],"line":21},"1":{"loc":{"start":{"line":22,"column":14},"end":{"line":22,"column":26}},"type":"binary-expr","locations":[{"start":{"line":22,"column":14},"end":{"line":22,"column":20}},{"start":{"line":22,"column":24},"end":{"line":22,"column":26}}],"line":22},"2":{"loc":{"start":{"line":23,"column":23},"end":{"line":23,"column":75}},"type":"cond-expr","locations":[{"start":{"line":23,"column":39},"end":{"line":23,"column":65}},{"start":{"line":23,"column":68},"end":{"line":23,"column":75}}],"line":23},"3":{"loc":{"start":{"line":23,"column":39},"end":{"line":23,"column":65}},"type":"binary-expr","locations":[{"start":{"line":23,"column":39},"end":{"line":23,"column":52}},{"start":{"line":23,"column":56},"end":{"line":23,"column":65}}],"line":23},"4":{"loc":{"start":{"line":41,"column":14},"end":{"line":41,"column":30}},"type":"binary-expr","locations":[{"start":{"line":41,"column":14},"end":{"line":41,"column":18}},{"start":{"line":41,"column":22},"end":{"line":41,"column":30}}],"line":41},"5":{"loc":{"start":{"line":42,"column":18},"end":{"line":42,"column":32}},"type":"binary-expr","locations":[{"start":{"line":42,"column":18},"end":{"line":42,"column":26}},{"start":{"line":42,"column":30},"end":{"line":42,"column":32}}],"line":42},"6":{"loc":{"start":{"line":43,"column":15},"end":{"line":43,"column":33}},"type":"binary-expr","locations":[{"start":{"line":43,"column":15},"end":{"line":43,"column":20}},{"start":{"line":43,"column":24},"end":{"line":43,"column":33}}],"line":43},"7":{"loc":{"start":{"line":44,"column":23},"end":{"line":44,"column":41}},"type":"binary-expr","locations":[{"start":{"line":44,"column":23},"end":{"line":44,"column":36}},{"start":{"line":44,"column":40},"end":{"line":44,"column":41}}],"line":44}},"s":{"0":1,"1":3,"2":3},"f":{"0":3},"b":{"0":[3,3],"1":[3,3],"2":[2,1],"3":[2,1],"4":[3,3],"5":[3,3],"6":[3,3],"7":[3,3]},"_coverageSchema":"1a1c01bbd47fc00a2c39e90264f33305004495a9","hash":"cb8ce2c8f7eed83b855fe2b46e8224020d387a25"}
,"/Users/matheussousa/Desktop/core-components/react-native-custom-components/lib/components/Typograph/index.tsx": {"path":"/Users/matheussousa/Desktop/core-components/react-native-custom-components/lib/components/Typograph/index.tsx","statementMap":{"0":{"start":{"line":7,"column":52},"end":{"line":64,"column":1}},"1":{"start":{"line":33,"column":17},"end":{"line":58,"column":4}},"2":{"start":{"line":59,"column":2},"end":{"line":63,"column":4}}},"fnMap":{"0":{"name":"(anonymous_0)","decl":{"start":{"line":7,"column":52},"end":{"line":7,"column":53}},"loc":{"start":{"line":32,"column":6},"end":{"line":64,"column":1}},"line":32}},"branchMap":{"0":{"loc":{"start":{"line":35,"column":28},"end":{"line":35,"column":48}},"type":"binary-expr","locations":[{"start":{"line":35,"column":28},"end":{"line":35,"column":36}},{"start":{"line":35,"column":40},"end":{"line":35,"column":48}}],"line":35},"1":{"loc":{"start":{"line":36,"column":32},"end":{"line":36,"column":49}},"type":"binary-expr","locations":[{"start":{"line":36,"column":32},"end":{"line":36,"column":36}},{"start":{"line":36,"column":40},"end":{"line":36,"column":49}}],"line":36},"2":{"loc":{"start":{"line":37,"column":13},"end":{"line":37,"column":31}},"type":"binary-expr","locations":[{"start":{"line":37,"column":13},"end":{"line":37,"column":18}},{"start":{"line":37,"column":22},"end":{"line":37,"column":31}}],"line":37},"3":{"loc":{"start":{"line":41,"column":26},"end":{"line":41,"column":61}},"type":"cond-expr","locations":[{"start":{"line":41,"column":38},"end":{"line":41,"column":49}},{"start":{"line":41,"column":52},"end":{"line":41,"column":61}}],"line":41},"4":{"loc":{"start":{"line":42,"column":27},"end":{"line":42,"column":63}},"type":"binary-expr","locations":[{"start":{"line":42,"column":27},"end":{"line":42,"column":41}},{"start":{"line":42,"column":45},"end":{"line":42,"column":50}},{"start":{"line":42,"column":54},"end":{"line":42,"column":63}}],"line":42}},"s":{"0":2,"1":5,"2":5},"f":{"0":5},"b":{"0":[5,2],"1":[5,2],"2":[5,2],"3":[1,4],"4":[5,5,2]},"_coverageSchema":"1a1c01bbd47fc00a2c39e90264f33305004495a9","hash":"26e57eb056fe5bcf8bc55a7b207ecbe1a8ddce44"}
,"/Users/matheussousa/Desktop/core-components/react-native-custom-components/lib/resources/utils/getButtonSize/getButtonSize.ts": {"path":"/Users/matheussousa/Desktop/core-components/react-native-custom-components/lib/resources/utils/getButtonSize/getButtonSize.ts","statementMap":{"0":{"start":{"line":3,"column":29},"end":{"line":16,"column":1}},"1":{"start":{"line":6,"column":2},"end":{"line":15,"column":3}},"2":{"start":{"line":8,"column":6},"end":{"line":8,"column":32}},"3":{"start":{"line":10,"column":6},"end":{"line":10,"column":33}},"4":{"start":{"line":12,"column":6},"end":{"line":12,"column":32}},"5":{"start":{"line":14,"column":6},"end":{"line":14,"column":18}}},"fnMap":{"0":{"name":"(anonymous_0)","decl":{"start":{"line":3,"column":29},"end":{"line":3,"column":30}},"loc":{"start":{"line":5,"column":5},"end":{"line":16,"column":1}},"line":5}},"branchMap":{"0":{"loc":{"start":{"line":6,"column":2},"end":{"line":15,"column":3}},"type":"switch","locations":[{"start":{"line":7,"column":4},"end":{"line":8,"column":32}},{"start":{"line":9,"column":4},"end":{"line":10,"column":33}},{"start":{"line":11,"column":4},"end":{"line":12,"column":32}},{"start":{"line":13,"column":4},"end":{"line":14,"column":18}}],"line":6}},"s":{"0":2,"1":6,"2":1,"3":1,"4":1,"5":3},"f":{"0":6},"b":{"0":[1,1,1,3]},"_coverageSchema":"1a1c01bbd47fc00a2c39e90264f33305004495a9","hash":"e5b85dca667d578eb5c8a5ed4a4cfdc2a5c8450a"}
,"/Users/matheussousa/Desktop/core-components/react-native-custom-components/lib/resources/utils/getFontFamily/getFontFamily.ts": {"path":"/Users/matheussousa/Desktop/core-components/react-native-custom-components/lib/resources/utils/getFontFamily/getFontFamily.ts","statementMap":{"0":{"start":{"line":3,"column":29},"end":{"line":14,"column":1}},"1":{"start":{"line":4,"column":2},"end":{"line":13,"column":3}},"2":{"start":{"line":6,"column":6},"end":{"line":6,"column":27}},"3":{"start":{"line":8,"column":6},"end":{"line":8,"column":26}},"4":{"start":{"line":10,"column":6},"end":{"line":10,"column":24}},"5":{"start":{"line":12,"column":6},"end":{"line":12,"column":24}}},"fnMap":{"0":{"name":"(anonymous_0)","decl":{"start":{"line":3,"column":29},"end":{"line":3,"column":30}},"loc":{"start":{"line":3,"column":62},"end":{"line":14,"column":1}},"line":3}},"branchMap":{"0":{"loc":{"start":{"line":4,"column":2},"end":{"line":13,"column":3}},"type":"switch","locations":[{"start":{"line":5,"column":4},"end":{"line":6,"column":27}},{"start":{"line":7,"column":4},"end":{"line":8,"column":26}},{"start":{"line":9,"column":4},"end":{"line":10,"column":24}},{"start":{"line":11,"column":4},"end":{"line":12,"column":24}}],"line":4}},"s":{"0":4,"1":13,"2":3,"3":4,"4":5,"5":1},"f":{"0":13},"b":{"0":[3,4,5,1]},"_coverageSchema":"1a1c01bbd47fc00a2c39e90264f33305004495a9","hash":"8445a48934e9578af6e4cc3e2dba69d850efc3ea"}
,"/Users/matheussousa/Desktop/core-components/react-native-custom-components/lib/resources/utils/getFontSIze/getFontSize.ts": {"path":"/Users/matheussousa/Desktop/core-components/react-native-custom-components/lib/resources/utils/getFontSIze/getFontSize.ts","statementMap":{"0":{"start":{"line":3,"column":27},"end":{"line":14,"column":1}},"1":{"start":{"line":4,"column":2},"end":{"line":13,"column":3}},"2":{"start":{"line":6,"column":6},"end":{"line":6,"column":30}},"3":{"start":{"line":8,"column":6},"end":{"line":8,"column":31}},"4":{"start":{"line":10,"column":6},"end":{"line":10,"column":30}},"5":{"start":{"line":12,"column":6},"end":{"line":12,"column":18}}},"fnMap":{"0":{"name":"(anonymous_0)","decl":{"start":{"line":3,"column":27},"end":{"line":3,"column":28}},"loc":{"start":{"line":3,"column":61},"end":{"line":14,"column":1}},"line":3}},"branchMap":{"0":{"loc":{"start":{"line":4,"column":2},"end":{"line":13,"column":3}},"type":"switch","locations":[{"start":{"line":5,"column":4},"end":{"line":6,"column":30}},{"start":{"line":7,"column":4},"end":{"line":8,"column":31}},{"start":{"line":9,"column":4},"end":{"line":10,"column":30}},{"start":{"line":11,"column":4},"end":{"line":12,"column":18}}],"line":4}},"s":{"0":3,"1":9,"2":1,"3":3,"4":1,"5":4},"f":{"0":9},"b":{"0":[1,3,1,4]},"_coverageSchema":"1a1c01bbd47fc00a2c39e90264f33305004495a9","hash":"92ab856c9bd5a978ecbc561abb07821ca078c3b8"}
,"/Users/matheussousa/Desktop/core-components/react-native-custom-components/lib/resources/utils/getShadow/getShadow.ts": {"path":"/Users/matheussousa/Desktop/core-components/react-native-custom-components/lib/resources/utils/getShadow/getShadow.ts","statementMap":{"0":{"start":{"line":4,"column":25},"end":{"line":57,"column":1}},"1":{"start":{"line":8,"column":2},"end":{"line":8,"column":22}},"2":{"start":{"line":8,"column":15},"end":{"line":8,"column":22}},"3":{"start":{"line":10,"column":2},"end":{"line":56,"column":3}},"4":{"start":{"line":12,"column":6},"end":{"line":21,"column":8}},"5":{"start":{"line":23,"column":6},"end":{"line":32,"column":8}},"6":{"start":{"line":34,"column":6},"end":{"line":43,"column":8}},"7":{"start":{"line":46,"column":6},"end":{"line":55,"column":8}}},"fnMap":{"0":{"name":"(anonymous_0)","decl":{"start":{"line":4,"column":25},"end":{"line":4,"column":26}},"loc":{"start":{"line":7,"column":20},"end":{"line":57,"column":1}},"line":7}},"branchMap":{"0":{"loc":{"start":{"line":8,"column":2},"end":{"line":8,"column":22}},"type":"if","locations":[{"start":{"line":8,"column":2},"end":{"line":8,"column":22}},{"start":{},"end":{}}],"line":8},"1":{"loc":{"start":{"line":10,"column":2},"end":{"line":56,"column":3}},"type":"switch","locations":[{"start":{"line":11,"column":4},"end":{"line":21,"column":8}},{"start":{"line":22,"column":4},"end":{"line":32,"column":8}},{"start":{"line":33,"column":4},"end":{"line":43,"column":8}},{"start":{"line":45,"column":4},"end":{"line":55,"column":8}}],"line":10},"2":{"loc":{"start":{"line":13,"column":21},"end":{"line":13,"column":45}},"type":"binary-expr","locations":[{"start":{"line":13,"column":21},"end":{"line":13,"column":32}},{"start":{"line":13,"column":36},"end":{"line":13,"column":45}}],"line":13},"3":{"loc":{"start":{"line":24,"column":21},"end":{"line":24,"column":45}},"type":"binary-expr","locations":[{"start":{"line":24,"column":21},"end":{"line":24,"column":32}},{"start":{"line":24,"column":36},"end":{"line":24,"column":45}}],"line":24},"4":{"loc":{"start":{"line":35,"column":21},"end":{"line":35,"column":45}},"type":"binary-expr","locations":[{"start":{"line":35,"column":21},"end":{"line":35,"column":32}},{"start":{"line":35,"column":36},"end":{"line":35,"column":45}}],"line":35},"5":{"loc":{"start":{"line":47,"column":21},"end":{"line":47,"column":45}},"type":"binary-expr","locations":[{"start":{"line":47,"column":21},"end":{"line":47,"column":32}},{"start":{"line":47,"column":36},"end":{"line":47,"column":45}}],"line":47}},"s":{"0":2,"1":8,"2":4,"3":4,"4":1,"5":1,"6":1,"7":1},"f":{"0":8},"b":{"0":[4,4],"1":[1,1,1,1],"2":[1,1],"3":[1,1],"4":[1,1],"5":[1,1]},"_coverageSchema":"1a1c01bbd47fc00a2c39e90264f33305004495a9","hash":"960b2f12037d7b1fc84be592237a5e66ddbdf9f7"}
}
