TN:
SF:lib/@types/fonts.ts
FNF:0
FNH:0
LF:0
LH:0
BRF:0
BRH:0
end_of_record
TN:
SF:lib/@types/sizes.ts
FNF:0
FNH:0
LF:0
LH:0
BRF:0
BRH:0
end_of_record
TN:
SF:lib/components/Button/index.tsx
FN:9,(anonymous_0)
FNF:1
FNH:1
FNDA:4,(anonymous_0)
DA:9,1
DA:26,4
DA:47,4
LF:3
LH:3
BRDA:28,0,0,4
BRDA:28,0,1,4
BRDA:29,1,0,2
BRDA:29,1,1,2
BRDA:30,2,0,1
BRDA:30,2,1,3
BRDA:30,3,0,1
BRDA:30,3,1,1
BRDA:33,4,0,4
BRDA:33,4,1,4
BRDA:34,5,0,4
BRDA:34,5,1,4
BRDA:36,6,0,4
BRDA:36,6,1,4
BRDA:37,7,0,4
BRDA:37,7,1,4
BRDA:41,8,0,4
BRDA:41,8,1,4
BRF:18
BRH:18
end_of_record
TN:
SF:lib/components/CardQuickAccess/index.tsx
FN:6,(anonymous_0)
FNF:1
FNH:1
FNDA:3,(anonymous_0)
DA:6,1
DA:19,3
DA:32,3
LF:3
LH:3
BRDA:21,0,0,3
BRDA:21,0,1,3
BRDA:22,1,0,3
BRDA:22,1,1,3
BRDA:23,2,0,2
BRDA:23,2,1,1
BRDA:23,3,0,2
BRDA:23,3,1,1
BRDA:41,4,0,3
BRDA:41,4,1,3
BRDA:42,5,0,3
BRDA:42,5,1,3
BRDA:43,6,0,3
BRDA:43,6,1,3
BRDA:44,7,0,3
BRDA:44,7,1,3
BRF:16
BRH:16
end_of_record
TN:
SF:lib/components/Typograph/index.tsx
FN:7,(anonymous_0)
FNF:1
FNH:1
FNDA:5,(anonymous_0)
DA:7,2
DA:33,5
DA:59,5
LF:3
LH:3
BRDA:35,0,0,5
BRDA:35,0,1,2
BRDA:36,1,0,5
BRDA:36,1,1,2
BRDA:37,2,0,5
BRDA:37,2,1,2
BRDA:41,3,0,1
BRDA:41,3,1,4
BRDA:42,4,0,5
BRDA:42,4,1,5
BRDA:42,4,2,2
BRF:11
BRH:11
end_of_record
TN:
SF:lib/resources/utils/getButtonSize/getButtonSize.ts
FN:3,(anonymous_0)
FNF:1
FNH:1
FNDA:6,(anonymous_0)
DA:3,2
DA:6,6
DA:8,1
DA:10,1
DA:12,1
DA:14,3
LF:6
LH:6
BRDA:6,0,0,1
BRDA:6,0,1,1
BRDA:6,0,2,1
BRDA:6,0,3,3
BRF:4
BRH:4
end_of_record
TN:
SF:lib/resources/utils/getFontFamily/getFontFamily.ts
FN:3,(anonymous_0)
FNF:1
FNH:1
FNDA:13,(anonymous_0)
DA:3,4
DA:4,13
DA:6,3
DA:8,4
DA:10,5
DA:12,1
LF:6
LH:6
BRDA:4,0,0,3
BRDA:4,0,1,4
BRDA:4,0,2,5
BRDA:4,0,3,1
BRF:4
BRH:4
end_of_record
TN:
SF:lib/resources/utils/getFontSIze/getFontSize.ts
FN:3,(anonymous_0)
FNF:1
FNH:1
FNDA:9,(anonymous_0)
DA:3,3
DA:4,9
DA:6,1
DA:8,3
DA:10,1
DA:12,4
LF:6
LH:6
BRDA:4,0,0,1
BRDA:4,0,1,3
BRDA:4,0,2,1
BRDA:4,0,3,4
BRF:4
BRH:4
end_of_record
TN:
SF:lib/resources/utils/getShadow/getShadow.ts
FN:4,(anonymous_0)
FNF:1
FNH:1
FNDA:8,(anonymous_0)
DA:4,2
DA:8,8
DA:10,4
DA:12,1
DA:23,1
DA:34,1
DA:46,1
LF:7
LH:7
BRDA:8,0,0,4
BRDA:8,0,1,4
BRDA:10,1,0,1
BRDA:10,1,1,1
BRDA:10,1,2,1
BRDA:10,1,3,1
BRDA:13,2,0,1
BRDA:13,2,1,1
BRDA:24,3,0,1
BRDA:24,3,1,1
BRDA:35,4,0,1
BRDA:35,4,1,1
BRDA:47,5,0,1
BRDA:47,5,1,1
BRF:14
BRH:14
end_of_record
