TN:
SF:lib/@types/fonts.ts
FNF:0
FNH:0
LF:0
LH:0
BRF:0
BRH:0
end_of_record
TN:
SF:lib/@types/sizes.ts
FNF:0
FNH:0
LF:0
LH:0
BRF:0
BRH:0
end_of_record
TN:
SF:lib/components/Button/index.tsx
FN:10,(anonymous_0)
FNF:1
FNH:1
FNDA:6,(anonymous_0)
DA:10,1
DA:27,6
DA:45,6
LF:3
LH:3
BRDA:29,0,0,6
BRDA:29,0,1,6
BRDA:30,1,0,4
BRDA:30,1,1,2
BRDA:31,2,0,1
BRDA:31,2,1,5
BRDA:32,3,0,1
BRDA:32,3,1,1
BRDA:33,4,0,5
BRDA:33,4,1,2
BRDA:36,5,0,6
BRDA:36,5,1,6
BRDA:37,6,0,6
BRDA:37,6,1,6
BRDA:39,7,0,6
BRDA:39,7,1,6
BRDA:40,8,0,6
BRDA:40,8,1,6
BRDA:49,9,0,6
BRDA:49,9,1,1
BRDA:50,10,0,6
BRDA:50,10,1,6
BRF:22
BRH:22
end_of_record
TN:
SF:lib/components/CardQuickAccess/index.tsx
FN:7,(anonymous_0)
FNF:1
FNH:1
FNDA:4,(anonymous_0)
DA:7,1
DA:21,4
DA:35,4
LF:3
LH:3
BRDA:23,0,0,4
BRDA:23,0,1,4
BRDA:24,1,0,4
BRDA:24,1,1,4
BRDA:25,2,0,2
BRDA:25,2,1,2
BRDA:25,3,0,2
BRDA:25,3,1,1
BRDA:25,4,0,2
BRDA:25,4,1,1
BRDA:44,5,0,4
BRDA:44,5,1,4
BRDA:45,6,0,4
BRDA:45,6,1,4
BRDA:46,7,0,4
BRDA:46,7,1,4
BRF:16
BRH:16
end_of_record
TN:
SF:lib/components/TitleIconScreen/index.tsx
FN:6,(anonymous_0)
FNF:1
FNH:1
FNDA:2,(anonymous_0)
DA:6,1
DA:13,2
DA:20,2
LF:3
LH:3
BRDA:24,0,0,2
BRDA:24,0,1,2
BRDA:25,1,0,2
BRDA:25,1,1,2
BRDA:27,2,0,2
BRDA:27,2,1,2
BRF:6
BRH:6
end_of_record
TN:
SF:lib/components/Typograph/index.tsx
FN:7,(anonymous_0)
FNF:1
FNH:1
FNDA:14,(anonymous_0)
DA:7,4
DA:33,14
DA:59,14
LF:3
LH:3
BRDA:35,0,0,14
BRDA:35,0,1,2
BRDA:36,1,0,14
BRDA:36,1,1,2
BRDA:37,2,0,14
BRDA:37,2,1,2
BRDA:41,3,0,1
BRDA:41,3,1,13
BRDA:42,4,0,14
BRDA:42,4,1,14
BRDA:42,4,2,2
BRF:11
BRH:11
end_of_record
TN:
SF:lib/resources/utils/getButtonSize/getButtonSize.ts
FN:3,(anonymous_0)
FNF:1
FNH:1
FNDA:8,(anonymous_0)
DA:3,2
DA:6,8
DA:8,1
DA:10,1
DA:12,1
DA:14,5
LF:6
LH:6
BRDA:6,0,0,1
BRDA:6,0,1,1
BRDA:6,0,2,1
BRDA:6,0,3,5
BRF:4
BRH:4
end_of_record
TN:
SF:lib/resources/utils/getFontFamily/getFontFamily.ts
FN:3,(anonymous_0)
FNF:1
FNH:1
FNDA:18,(anonymous_0)
DA:3,5
DA:4,18
DA:6,3
DA:8,7
DA:10,7
DA:12,1
LF:6
LH:6
BRDA:4,0,0,3
BRDA:4,0,1,7
BRDA:4,0,2,7
BRDA:4,0,3,1
BRF:4
BRH:4
end_of_record
TN:
SF:lib/resources/utils/getFontSIze/getFontSize.ts
FN:3,(anonymous_0)
FNF:1
FNH:1
FNDA:18,(anonymous_0)
DA:3,5
DA:4,18
DA:6,1
DA:8,3
DA:10,1
DA:12,13
LF:6
LH:6
BRDA:4,0,0,1
BRDA:4,0,1,3
BRDA:4,0,2,1
BRDA:4,0,3,13
BRF:4
BRH:4
end_of_record
TN:
SF:lib/resources/utils/getShadow/getShadow.ts
FN:4,(anonymous_0)
FNF:1
FNH:1
FNDA:14,(anonymous_0)
DA:4,3
DA:8,14
DA:10,4
DA:12,1
DA:23,1
DA:34,1
DA:46,1
LF:7
LH:7
BRDA:8,0,0,10
BRDA:8,0,1,4
BRDA:10,1,0,1
BRDA:10,1,1,1
BRDA:10,1,2,1
BRDA:10,1,3,1
BRDA:13,2,0,1
BRDA:13,2,1,1
BRDA:24,3,0,1
BRDA:24,3,1,1
BRDA:35,4,0,1
BRDA:35,4,1,1
BRDA:47,5,0,1
BRDA:47,5,1,1
BRF:14
BRH:14
end_of_record
